\BOOKMARK [0][-]{section*.1}{Abstract}{}
\BOOKMARK [0][-]{chapter*.2}{Acknowledgements}{}
\BOOKMARK [0][-]{chapter*.4}{List of Tables}{}
\BOOKMARK [0][-]{chapter*.5}{List of Figures}{}
\BOOKMARK [0][-]{chapter.1}{Introduction}{}
\BOOKMARK [1][-]{section.1.1}{RNA chemistry}{chapter.1}
\BOOKMARK [1][-]{section.1.2}{Standard reference frame and local parameters}{chapter.1}
\BOOKMARK [2][-]{subsection.1.2.1}{Base-pair and base-step parameters}{section.1.2}
\BOOKMARK [2][-]{subsection.1.2.2}{Local helical parameters}{section.1.2}
\BOOKMARK [1][-]{section.1.3}{RNA folding}{chapter.1}
\BOOKMARK [1][-]{section.1.4}{Is RNA folding a hard or easy problem?}{chapter.1}
\BOOKMARK [1][-]{section.1.5}{Experimental folding techniques}{chapter.1}
\BOOKMARK [1][-]{section.1.6}{RNA simulations}{chapter.1}
\BOOKMARK [2][-]{subsection.1.6.1}{Local nucleotide interactions}{section.1.6}
\BOOKMARK [2][-]{subsection.1.6.2}{RNA secondary structure algorithms and the lack of tertiary ones}{section.1.6}
\BOOKMARK [2][-]{subsection.1.6.3}{RNA overall fold}{section.1.6}
\BOOKMARK [2][-]{subsection.1.6.4}{RNA motifs}{section.1.6}
\BOOKMARK [1][-]{section.1.7}{Overview}{chapter.1}
\BOOKMARK [0][-]{chapter*.6}{References}{}
\BOOKMARK [0][-]{chapter.2}{RNA Base Steps}{}
\BOOKMARK [1][-]{section.2.1}{Consensus Clustering of Single Stranded Base Step Parameters}{chapter.2}
\BOOKMARK [2][-]{subsection.2.1.1}{Combining Fourier Averaging Results and Clustering Analysis}{section.2.1}
\BOOKMARK [2][-]{subsection.2.1.2}{Partitional Clustering for Rigid Body Parameters}{section.2.1}
\BOOKMARK [2][-]{subsection.2.1.3}{Hierarchical Clustering for Rigid Body Parameters}{section.2.1}
\BOOKMARK [1][-]{section.2.2}{RNA Conformations}{chapter.2}
\BOOKMARK [0][-]{chapter*.7}{References}{}
\BOOKMARK [0][-]{appendix.A}{Appendix A. Figure Supplements}{}
\BOOKMARK [1][-]{section.A.1}{Supplement Figures for Chapter 2}{appendix.A}
